<?xml version="1.0" encoding="UTF-8"?>
<testsuite xmlns:xsi="http://www.w3.org/2001/XMLSchema-instance" xsi:noNamespaceSchemaLocation="https://maven.apache.org/surefire/maven-surefire-plugin/xsd/surefire-test-report-3.0.xsd" version="3.0" name="com.hugo.prices.tests.PriceControllerTest" time="3.982" tests="6" errors="0" skipped="0" failures="0">
  <properties>
[...]
</properties>
  <testcase name="getApplicablePriceNotFound" classname="com.hugo.prices.tests.PriceControllerTest" time="0.593">
    <system-out><![CDATA[
  .   ____          _            __ _ _
 /\\ / ___'_ __ _ _(_)_ __  __ _ \ \ \ \
( ( )\___ | '_ | '_| | '_ \/ _` | \ \ \ \
 \\/  ___)| |_)| | | | | || (_| |  ) ) ) )
  '  |____| .__|_| |_|_| |_\__, | / / / /
 =========|_|==============|___/=/_/_/_/
 :: Spring Boot ::                (v3.1.2)

2025-02-19T14:38:48.802+01:00  INFO 9452 --- [           main] c.hugo.prices.tests.PriceControllerTest  : Starting PriceControllerTest using Java 21.0.6 with PID 9452 (started by Hugo in C:\Users\Hugo\Desktop\Workspace\PruebaTecnica)
2025-02-19T14:38:48.804+01:00  INFO 9452 --- [           main] c.hugo.prices.tests.PriceControllerTest  : No active profile set, falling back to 1 default profile: "default"
2025-02-19T14:38:49.260+01:00  INFO 9452 --- [           main] .s.d.r.c.RepositoryConfigurationDelegate : Bootstrapping Spring Data JPA repositories in DEFAULT mode.
2025-02-19T14:38:49.292+01:00  INFO 9452 --- [           main] .s.d.r.c.RepositoryConfigurationDelegate : Finished Spring Data repository scanning in 26 ms. Found 1 JPA repository interfaces.
2025-02-19T14:38:49.660+01:00  INFO 9452 --- [           main] o.s.b.w.embedded.tomcat.TomcatWebServer  : Tomcat initialized with port(s): 0 (http)
2025-02-19T14:38:49.667+01:00  INFO 9452 --- [           main] o.apache.catalina.core.StandardService   : Starting service [Tomcat]
2025-02-19T14:38:49.667+01:00  INFO 9452 --- [           main] o.apache.catalina.core.StandardEngine    : Starting Servlet engine: [Apache Tomcat/10.1.11]
2025-02-19T14:38:49.730+01:00  INFO 9452 --- [           main] o.a.c.c.C.[Tomcat].[localhost].[/]       : Initializing Spring embedded WebApplicationContext
2025-02-19T14:38:49.731+01:00  INFO 9452 --- [           main] w.s.c.ServletWebServerApplicationContext : Root WebApplicationContext: initialization completed in 802 ms
2025-02-19T14:38:49.751+01:00  INFO 9452 --- [           main] com.zaxxer.hikari.HikariDataSource       : HikariPool-1 - Starting...
2025-02-19T14:38:49.876+01:00  INFO 9452 --- [           main] com.zaxxer.hikari.pool.HikariPool        : HikariPool-1 - Added connection conn0: url=jdbc:h2:mem:testdb user=SA
2025-02-19T14:38:49.877+01:00  INFO 9452 --- [           main] com.zaxxer.hikari.HikariDataSource       : HikariPool-1 - Start completed.
2025-02-19T14:38:49.886+01:00  INFO 9452 --- [           main] o.s.b.a.h2.H2ConsoleAutoConfiguration    : H2 console available at '/h2'. Database available at 'jdbc:h2:mem:testdb'
2025-02-19T14:38:50.040+01:00  INFO 9452 --- [           main] o.hibernate.jpa.internal.util.LogHelper  : HHH000204: Processing PersistenceUnitInfo [name: default]
2025-02-19T14:38:50.104+01:00  INFO 9452 --- [           main] org.hibernate.Version                    : HHH000412: Hibernate ORM core version 6.2.6.Final
2025-02-19T14:38:50.106+01:00  INFO 9452 --- [           main] org.hibernate.cfg.Environment            : HHH000406: Using bytecode reflection optimizer
2025-02-19T14:38:50.189+01:00  INFO 9452 --- [           main] o.h.b.i.BytecodeProviderInitiator        : HHH000021: Bytecode provider name : bytebuddy
2025-02-19T14:38:50.250+01:00  INFO 9452 --- [           main] o.s.o.j.p.SpringPersistenceUnitInfo      : No LoadTimeWeaver setup: ignoring JPA class transformer
2025-02-19T14:38:50.360+01:00  INFO 9452 --- [           main] o.h.b.i.BytecodeProviderInitiator        : HHH000021: Bytecode provider name : bytebuddy
2025-02-19T14:38:50.635+01:00  INFO 9452 --- [           main] o.h.e.t.j.p.i.JtaPlatformInitiator       : HHH000490: Using JtaPlatform implementation: [org.hibernate.engine.transaction.jta.platform.internal.NoJtaPlatform]
2025-02-19T14:38:50.652+01:00  INFO 9452 --- [           main] j.LocalContainerEntityManagerFactoryBean : Initialized JPA EntityManagerFactory for persistence unit 'default'
2025-02-19T14:38:50.776+01:00  INFO 9452 --- [           main] o.s.d.j.r.query.QueryEnhancerFactory     : Hibernate is in classpath; If applicable, HQL parser will be used.
2025-02-19T14:38:51.099+01:00  WARN 9452 --- [           main] JpaBaseConfiguration$JpaWebConfiguration : spring.jpa.open-in-view is enabled by default. Therefore, database queries may be performed during view rendering. Explicitly configure spring.jpa.open-in-view to disable this warning
2025-02-19T14:38:51.359+01:00  INFO 9452 --- [           main] o.a.c.c.C.[Tomcat].[localhost].[/]       : Initializing Spring TestDispatcherServlet ''
2025-02-19T14:38:51.359+01:00  INFO 9452 --- [           main] o.s.t.web.servlet.TestDispatcherServlet  : Initializing Servlet ''
2025-02-19T14:38:51.360+01:00  INFO 9452 --- [           main] o.s.t.web.servlet.TestDispatcherServlet  : Completed initialization in 1 ms
2025-02-19T14:38:51.423+01:00  INFO 9452 --- [           main] o.s.b.w.embedded.tomcat.TomcatWebServer  : Tomcat started on port(s): 54068 (http) with context path ''
2025-02-19T14:38:51.429+01:00  INFO 9452 --- [           main] c.hugo.prices.tests.PriceControllerTest  : Started PriceControllerTest in 2.807 seconds (process running for 3.312)
]]></system-out>
    <system-err><![CDATA[WARNING: A Java agent has been loaded dynamically (C:\Users\Hugo\.m2\repository\net\bytebuddy\byte-buddy-agent\1.14.5\byte-buddy-agent-1.14.5.jar)
WARNING: If a serviceability tool is in use, please run with -XX:+EnableDynamicAgentLoading to hide this warning
WARNING: If a serviceability tool is not in use, please run with -Djdk.instrument.traceUsage for more information
WARNING: Dynamic loading of agents will be disallowed by default in a future release
]]></system-err>
  </testcase>
  <testcase name="getApplicablePriceAt10On14" classname="com.hugo.prices.tests.PriceControllerTest" time="0.302"/>
  <testcase name="getApplicablePriceAt10On15" classname="com.hugo.prices.tests.PriceControllerTest" time="0.018"/>
  <testcase name="getApplicablePriceAt16On14" classname="com.hugo.prices.tests.PriceControllerTest" time="0.017"/>
  <testcase name="getApplicablePriceAt21On14" classname="com.hugo.prices.tests.PriceControllerTest" time="0.016"/>
  <testcase name="getApplicablePriceAt21On16" classname="com.hugo.prices.tests.PriceControllerTest" time="0.015"/>
</testsuite>